<?xml version="1.0" encoding="UTF-8"?>
<!-- Generated by org.testng.reporters.JUnitReportReporter -->
<testsuite skipped="0" hostname="DESKTOP-AEEGSIK" name="com.class03.DependsOnGroups" tests="3" failures="0" timestamp="07 Jun 2019 09:53:43 GMT" time="0.012" errors="0">
  <testcase name="three" time="0.001" classname="com.class03.DependsOnGroups"/>
  <testcase name="one" time="0.009" classname="com.class03.DependsOnGroups"/>
  <testcase name="two" time="0.002" classname="com.class03.DependsOnGroups"/>
</testsuite> <!-- com.class03.DependsOnGroups -->
