<?xml version="1.0" encoding="UTF-8"?>
<!-- Generated by org.testng.reporters.JUnitReportReporter -->
<testsuite skipped="0" hostname="DESKTOP-AEEGSIK" name="com.class04.ToolsQaExample" tests="4" failures="0" timestamp="10 Jun 2019 16:37:18 GMT" time="41.255" errors="0">
  <testcase name="getData" time="9.131" classname="com.class04.ToolsQaExample"/>
  <testcase name="getData" time="10.027" classname="com.class04.ToolsQaExample"/>
  <testcase name="getData" time="11.058" classname="com.class04.ToolsQaExample"/>
  <testcase name="getData" time="11.039" classname="com.class04.ToolsQaExample"/>
</testsuite> <!-- com.class04.ToolsQaExample -->
