<?xml version="1.0" encoding="UTF-8"?>
<!-- Generated by org.testng.reporters.JUnitReportReporter -->
<testsuite skipped="0" hostname="DESKTOP-AEEGSIK" name="com.class03.NewtoursExample" tests="3" failures="0" timestamp="09 Jun 2019 15:56:58 GMT" time="18.970" errors="0">
  <testcase name="contactInformation" time="6.795" classname="com.class03.NewtoursExample"/>
  <testcase name="mailingInformation" time="5.913" classname="com.class03.NewtoursExample"/>
  <testcase name="userInformation" time="6.262" classname="com.class03.NewtoursExample"/>
</testsuite> <!-- com.class03.NewtoursExample -->
