<?xml version="1.0" encoding="UTF-8"?>
<!-- Generated by org.testng.reporters.JUnitReportReporter -->
<testsuite skipped="0" hostname="DESKTOP-AEEGSIK" name="com.class04.taskOne" tests="1" failures="0" timestamp="09 Jun 2019 18:33:07 GMT" time="11.709" errors="0">
  <testcase name="logIn" time="11.709" classname="com.class04.taskOne"/>
</testsuite> <!-- com.class04.taskOne -->
