<?xml version="1.0" encoding="UTF-8"?>
<!-- Generated by org.testng.reporters.JUnitReportReporter -->
<testsuite skipped="0" hostname="DESKTOP-AEEGSIK" name="com.class01.Functions" tests="1" failures="0" timestamp="07 Jun 2019 03:22:05 GMT" time="0.011" errors="0">
  <testcase name="methodTest" time="0.011" classname="com.class01.Functions"/>
</testsuite> <!-- com.class01.Functions -->
