<?xml version="1.0" encoding="UTF-8"?>
<!-- Generated by org.testng.reporters.JUnitReportReporter -->
<testsuite skipped="0" hostname="DESKTOP-AEEGSIK" name="com.class02.priorty" tests="3" failures="0" timestamp="07 Jun 2019 03:16:10 GMT" time="0.019" errors="0">
  <testcase name="first" time="0.012" classname="com.class02.priorty"/>
  <testcase name="second" time="0.005" classname="com.class02.priorty"/>
  <testcase name="third" time="0.002" classname="com.class02.priorty"/>
</testsuite> <!-- com.class02.priorty -->
