<?xml version="1.0" encoding="UTF-8"?>
<!-- Generated by org.testng.reporters.JUnitReportReporter -->
<testsuite skipped="0" hostname="DESKTOP-AEEGSIK" name="com.class04.newTourExample" tests="1" failures="0" timestamp="10 Jun 2019 16:48:48 GMT" time="7.010" errors="0">
  <testcase name="userInformation" time="7.010" classname="com.class04.newTourExample"/>
</testsuite> <!-- com.class04.newTourExample -->
