<?xml version="1.0" encoding="UTF-8"?>
<!-- Generated by org.testng.reporters.JUnitReportReporter -->
<testsuite skipped="0" hostname="DESKTOP-AEEGSIK" name="com.class02.Task2" tests="2" failures="0" timestamp="07 Jun 2019 03:24:39 GMT" time="3.398" errors="0">
  <testcase name="login" time="1.340" classname="com.class02.Task2"/>
  <testcase name="mainPage" time="2.058" classname="com.class02.Task2"/>
</testsuite> <!-- com.class02.Task2 -->
