<?xml version="1.0" encoding="UTF-8"?>
<!-- Generated by org.testng.reporters.JUnitReportReporter -->
<testsuite skipped="0" hostname="DESKTOP-AEEGSIK" name="com.class03.GroupsExample" tests="4" failures="0" timestamp="09 Jun 2019 15:49:59 GMT" time="0.010" errors="0">
  <testcase name="one" time="0.001" classname="com.class03.GroupsExample"/>
  <testcase name="Four" time="0.007" classname="com.class03.GroupsExample"/>
  <testcase name="Three" time="0.001" classname="com.class03.GroupsExample"/>
  <testcase name="Two" time="0.001" classname="com.class03.GroupsExample"/>
</testsuite> <!-- com.class03.GroupsExample -->
