<?xml version="1.0" encoding="UTF-8"?>
<!-- Generated by org.testng.reporters.JUnitReportReporter -->
<testsuite skipped="0" hostname="DESKTOP-AEEGSIK" name="com.class02.SmartbearsoftwareExample" tests="3" failures="0" timestamp="07 Jun 2019 08:48:02 GMT" time="0.890" errors="0">
  <testcase name="loginScreenTitle" time="0.015" classname="com.class02.SmartbearsoftwareExample"/>
  <testcase name="login" time="0.801" classname="com.class02.SmartbearsoftwareExample"/>
  <testcase name="webOrders" time="0.074" classname="com.class02.SmartbearsoftwareExample"/>
</testsuite> <!-- com.class02.SmartbearsoftwareExample -->
