<?xml version="1.0" encoding="UTF-8"?>
<!-- Generated by org.testng.reporters.JUnitReportReporter -->
<testsuite skipped="0" hostname="DESKTOP-AEEGSIK" name="com.class04.ParameterExampleTwo" tests="1" failures="0" timestamp="09 Jun 2019 19:15:27 GMT" time="5.744" errors="0">
  <testcase name="testGoogle" time="5.744" classname="com.class04.ParameterExampleTwo"/>
</testsuite> <!-- com.class04.ParameterExampleTwo -->
