<?xml version="1.0" encoding="UTF-8"?>
<!-- Generated by org.testng.reporters.JUnitReportReporter -->
<testsuite skipped="2" hostname="DESKTOP-AEEGSIK" name="com.class02.EnableAndDisable" tests="4" failures="0" timestamp="07 Jun 2019 08:48:02 GMT" time="0.015" errors="0">
  <testcase name="second" time="0.012" classname="com.class02.EnableAndDisable"/>
  <testcase name="forth" time="0.003" classname="com.class02.EnableAndDisable"/>
  <testcase name="third" classname="com.class02.EnableAndDisable">
    <skipped/>
  </testcase> <!-- third -->
  <testcase name="first" classname="com.class02.EnableAndDisable">
    <skipped/>
  </testcase> <!-- first -->
</testsuite> <!-- com.class02.EnableAndDisable -->
