<?xml version="1.0" encoding="UTF-8"?>
<!-- Generated by org.testng.reporters.JUnitReportReporter -->
<testsuite skipped="0" hostname="DESKTOP-AEEGSIK" name="com.class05.TaskOne" tests="2" failures="0" timestamp="12 Jun 2019 18:42:38 GMT" time="13.698" errors="0">
  <testcase name="testUsers" time="6.213" classname="com.class05.TaskOne"/>
  <testcase name="testUsers" time="7.485" classname="com.class05.TaskOne"/>
</testsuite> <!-- com.class05.TaskOne -->
