<?xml version="1.0" encoding="UTF-8"?>
<!-- Generated by org.testng.reporters.JUnitReportReporter -->
<testsuite skipped="0" hostname="DESKTOP-AEEGSIK" name="com.class04.NewTourDataProvider" tests="3" failures="0" timestamp="11 Jun 2019 23:54:39 GMT" time="43.526" errors="0">
  <testcase name="getData" time="14.672" classname="com.class04.NewTourDataProvider"/>
  <testcase name="getData" time="13.662" classname="com.class04.NewTourDataProvider"/>
  <testcase name="getData" time="15.192" classname="com.class04.NewTourDataProvider"/>
</testsuite> <!-- com.class04.NewTourDataProvider -->
