<?xml version="1.0" encoding="UTF-8"?>
<!-- Generated by org.testng.reporters.JUnitReportReporter -->
<testsuite skipped="0" hostname="DESKTOP-AEEGSIK" name="com.class04.taskTwo" tests="2" failures="0" timestamp="09 Jun 2019 19:51:49 GMT" time="12.090" errors="0">
  <testcase name="UsernameOne" time="6.382" classname="com.class04.taskTwo"/>
  <testcase name="UsernameTwo" time="5.708" classname="com.class04.taskTwo"/>
</testsuite> <!-- com.class04.taskTwo -->
