<?xml version="1.0" encoding="UTF-8"?>
<!-- Generated by org.testng.reporters.JUnitReportReporter -->
<testsuite skipped="0" hostname="DESKTOP-AEEGSIK" name="com.syntax.testcases.AddEmployeePageTest" tests="3" failures="0" timestamp="20 Jun 2019 20:16:26 GMT" time="54.728" errors="0">
  <testcase name="addEmployee" time="18.987" classname="com.syntax.testcases.AddEmployeePageTest"/>
  <testcase name="addEmployee" time="17.940" classname="com.syntax.testcases.AddEmployeePageTest"/>
  <testcase name="addEmployee" time="17.801" classname="com.syntax.testcases.AddEmployeePageTest"/>
</testsuite> <!-- com.syntax.testcases.AddEmployeePageTest -->
