<?xml version="1.0" encoding="UTF-8"?>
<!-- Generated by org.testng.reporters.JUnitReportReporter -->
<testsuite skipped="0" hostname="DESKTOP-AEEGSIK" name="com.syntax.practice.ExcelReview" tests="1" failures="0" timestamp="29 Jun 2019 20:32:26 GMT" time="0.629" errors="0">
  <testcase name="readExcel" time="0.629" classname="com.syntax.practice.ExcelReview"/>
</testsuite> <!-- com.syntax.practice.ExcelReview -->
