<?xml version="1.0" encoding="UTF-8"?>
<!-- Generated by org.testng.reporters.JUnitReportReporter -->
<testsuite skipped="0" hostname="DESKTOP-AEEGSIK" name="com.syntax.testcases.ExcelDemo" tests="1" failures="0" timestamp="20 Jun 2019 16:49:34 GMT" time="0.628" errors="0">
  <testcase name="readExcel" time="0.628" classname="com.syntax.testcases.ExcelDemo"/>
</testsuite> <!-- com.syntax.testcases.ExcelDemo -->
