<?xml version="1.0" encoding="UTF-8"?>
<!-- Generated by org.testng.reporters.JUnitReportReporter -->
<testsuite skipped="0" hostname="DESKTOP-AEEGSIK" name="com.syntax.practice.ExcelWriteDemo" tests="1" failures="0" timestamp="29 Jun 2019 20:51:31 GMT" time="0.863" errors="0">
  <testcase name="writeExcel" time="0.863" classname="com.syntax.practice.ExcelWriteDemo"/>
</testsuite> <!-- com.syntax.practice.ExcelWriteDemo -->
