<?xml version="1.0" encoding="UTF-8"?>
<!-- Generated by org.testng.reporters.JUnitReportReporter -->
<testsuite skipped="0" hostname="DESKTOP-AEEGSIK" name="com.syntax.practice.ExcelFunctionsTest" tests="1" failures="0" timestamp="29 Jun 2019 21:33:29 GMT" time="0.655" errors="0">
  <testcase name="excelTest" time="0.655" classname="com.syntax.practice.ExcelFunctionsTest"/>
</testsuite> <!-- com.syntax.practice.ExcelFunctionsTest -->
